frontend/UmeedCFG/app/build/intermediates/manifest_merge_blame_file/debug/manifest-merger-blame-debug-report.txt
1<?xml version="1.0" encoding="utf-8"?>
2<manifest xmlns:android="http://schemas.android.com/apk/res/android"
3    package="com.example.umeedcfg"
4    android:versionCode="1"
5    android:versionName="1.0" >
6
7    <uses-sdk
8        android:minSdkVersion="21"
8-->src\main\AndroidManifest.xml
9        android:targetSdkVersion="29" />
9-->src\main\AndroidManifest.xml
10
11    <uses-permission android:name="android.permission.WRITE_EXTERNAL_STORAGE" />
11-->[com.droidninja:filepicker:2.2.1] AndroidManifest.xml:11:5-81
11-->[com.droidninja:filepicker:2.2.1] AndroidManifest.xml:11:22-78
12    <uses-permission android:name="android.permission.READ_EXTERNAL_STORAGE" /> <!-- Include required permissions for Google Maps API to run. -->
12-->[com.droidninja:filepicker:2.2.1] AndroidManifest.xml:12:5-80
12-->[com.droidninja:filepicker:2.2.1] AndroidManifest.xml:12:22-77
13    <uses-permission android:name="android.permission.ACCESS_NETWORK_STATE" />
13-->[com.google.android.gms:play-services-maps:17.0.0] AndroidManifest.xml:23:5-79
13-->[com.google.android.gms:play-services-maps:17.0.0] AndroidManifest.xml:23:22-76
14    <uses-permission android:name="android.permission.INTERNET" />
14-->[com.google.android.gms:play-services-maps:17.0.0] AndroidManifest.xml:24:5-67
14-->[com.google.android.gms:play-services-maps:17.0.0] AndroidManifest.xml:24:22-64
15
16    <uses-feature
16-->[com.google.android.gms:play-services-maps:17.0.0] AndroidManifest.xml:26:5-28:35
17        android:glEsVersion="0x00020000"
17-->[com.google.android.gms:play-services-maps:17.0.0] AndroidManifest.xml:27:9-41
18        android:required="true" />
18-->[com.google.android.gms:play-services-maps:17.0.0] AndroidManifest.xml:28:9-32
19
20    <uses-permission android:name="android.permission.ACCESS_WIFI_STATE" />
20-->[com.amitshekhar.android:debug-db-base:1.0.6] AndroidManifest.xml:30:5-76
20-->[com.amitshekhar.android:debug-db-base:1.0.6] AndroidManifest.xml:30:22-73
21
22    <application
22-->src\main\AndroidManifest.xml:5:5-19:19
23        android:allowBackup="true"
23-->src\main\AndroidManifest.xml:6:9-35
24        android:appComponentFactory="androidx.core.app.CoreComponentFactory"
24-->[androidx.core:core:1.3.0] AndroidManifest.xml:24:18-86
25        android:debuggable="true"
26        android:icon="@mipmap/ic_launcher"
26-->src\main\AndroidManifest.xml:7:9-43
27        android:label="@string/app_name"
27-->src\main\AndroidManifest.xml:8:9-41
28        android:roundIcon="@mipmap/ic_launcher_round"
28-->src\main\AndroidManifest.xml:9:9-54
29        android:supportsRtl="true"
29-->src\main\AndroidManifest.xml:10:9-35
30        android:theme="@style/AppTheme" >
30-->src\main\AndroidManifest.xml:11:9-40
31        <activity android:name="com.example.umeedcfg.MainActivity" >
31-->src\main\AndroidManifest.xml:12:9-18:20
31-->src\main\AndroidManifest.xml:12:19-47
32            <intent-filter>
32-->src\main\AndroidManifest.xml:13:13-17:29
33                <action android:name="android.intent.action.MAIN" />
33-->src\main\AndroidManifest.xml:14:17-69
33-->src\main\AndroidManifest.xml:14:25-66
34
35                <category android:name="android.intent.category.LAUNCHER" />
35-->src\main\AndroidManifest.xml:16:17-77
35-->src\main\AndroidManifest.xml:16:27-74
36            </intent-filter>
37        </activity>
38
39        <provider
39-->[com.amitshekhar.android:debug-db:1.0.6] AndroidManifest.xml:12:9-16:40
40            android:name="com.amitshekhar.debug.DebugDBInitProvider"
40-->[com.amitshekhar.android:debug-db:1.0.6] AndroidManifest.xml:13:13-69
41            android:authorities="com.example.umeedcfg.DebugDBInitProvider"
41-->[com.amitshekhar.android:debug-db:1.0.6] AndroidManifest.xml:14:13-71
42            android:enabled="true"
42-->[com.amitshekhar.android:debug-db:1.0.6] AndroidManifest.xml:15:13-35
43            android:exported="false" />
43-->[com.amitshekhar.android:debug-db:1.0.6] AndroidManifest.xml:16:13-37
44
45        <activity
45-->[com.karumi:dexter:5.0.0] AndroidManifest.xml:27:9-29:72
46            android:name="com.karumi.dexter.DexterActivity"
46-->[com.karumi:dexter:5.0.0] AndroidManifest.xml:28:13-60
47            android:theme="@style/Dexter.Internal.Theme.Transparent" />
47-->[com.karumi:dexter:5.0.0] AndroidManifest.xml:29:13-69
48        <activity
48-->[com.droidninja:filepicker:2.2.1] AndroidManifest.xml:17:9-19:62
49            android:name="droidninja.filepicker.FilePickerActivity"
49-->[com.droidninja:filepicker:2.2.1] AndroidManifest.xml:18:13-68
50            android:configChanges="orientation|screenSize" />
50-->[com.droidninja:filepicker:2.2.1] AndroidManifest.xml:19:13-59
51        <activity
51-->[com.droidninja:filepicker:2.2.1] AndroidManifest.xml:20:9-22:62
52            android:name="droidninja.filepicker.MediaDetailsActivity"
52-->[com.droidninja:filepicker:2.2.1] AndroidManifest.xml:21:13-70
53            android:configChanges="orientation|screenSize" />
53-->[com.droidninja:filepicker:2.2.1] AndroidManifest.xml:22:13-59
54
55        <provider
55-->[com.droidninja:filepicker:2.2.1] AndroidManifest.xml:24:9-32:20
56            android:name="droidninja.filepicker.utils.FilePickerProvider"
56-->[com.droidninja:filepicker:2.2.1] AndroidManifest.xml:25:13-74
57            android:authorities="com.example.umeedcfg.droidninja.filepicker.provider"
57-->[com.droidninja:filepicker:2.2.1] AndroidManifest.xml:26:13-82
58            android:exported="false"
58-->[com.droidninja:filepicker:2.2.1] AndroidManifest.xml:27:13-37
59            android:grantUriPermissions="true" >
59-->[com.droidninja:filepicker:2.2.1] AndroidManifest.xml:28:13-47
60            <meta-data
60-->[com.droidninja:filepicker:2.2.1] AndroidManifest.xml:29:13-31:58
61                android:name="android.support.FILE_PROVIDER_PATHS"
61-->[com.droidninja:filepicker:2.2.1] AndroidManifest.xml:30:17-67
62                android:resource="@xml/provider_paths" />
62-->[com.droidninja:filepicker:2.2.1] AndroidManifest.xml:31:17-55
63        </provider> <!-- Needs to be explicitly declared on P+ -->
64        <uses-library
64-->[com.google.android.gms:play-services-maps:17.0.0] AndroidManifest.xml:33:9-35:40
65            android:name="org.apache.http.legacy"
65-->[com.google.android.gms:play-services-maps:17.0.0] AndroidManifest.xml:34:13-50
66            android:required="false" />
66-->[com.google.android.gms:play-services-maps:17.0.0] AndroidManifest.xml:35:13-37
67
68        <activity
68-->[com.google.android.gms:play-services-base:17.0.0] AndroidManifest.xml:23:9-26:75
69            android:name="com.google.android.gms.common.api.GoogleApiActivity"
69-->[com.google.android.gms:play-services-base:17.0.0] AndroidManifest.xml:24:13-79
70            android:exported="false"
70-->[com.google.android.gms:play-services-base:17.0.0] AndroidManifest.xml:25:13-37
71            android:theme="@android:style/Theme.Translucent.NoTitleBar" />
71-->[com.google.android.gms:play-services-base:17.0.0] AndroidManifest.xml:26:13-72
72
73        <meta-data
73-->[com.google.android.gms:play-services-basement:17.0.0] AndroidManifest.xml:23:9-25:69
74            android:name="com.google.android.gms.version"
74-->[com.google.android.gms:play-services-basement:17.0.0] AndroidManifest.xml:24:13-58
75            android:value="@integer/google_play_services_version" />
75-->[com.google.android.gms:play-services-basement:17.0.0] AndroidManifest.xml:25:13-66
76
77        <provider
77-->[androidx.lifecycle:lifecycle-process:2.2.0] AndroidManifest.xml:25:9-29:43
78            android:name="androidx.lifecycle.ProcessLifecycleOwnerInitializer"
78-->[androidx.lifecycle:lifecycle-process:2.2.0] AndroidManifest.xml:26:13-79
79            android:authorities="com.example.umeedcfg.lifecycle-process"
79-->[androidx.lifecycle:lifecycle-process:2.2.0] AndroidManifest.xml:27:13-69
80            android:exported="false"
80-->[androidx.lifecycle:lifecycle-process:2.2.0] AndroidManifest.xml:28:13-37
81            android:multiprocess="true" />
81-->[androidx.lifecycle:lifecycle-process:2.2.0] AndroidManifest.xml:29:13-40
82    </application>
83
84</manifest>